0 info it worked if it ends with ok
1 verbose cli [ '/usr/local/bin/node',
1 verbose cli   '/usr/local/bin/npm',
1 verbose cli   'run',
1 verbose cli   'build:rtmp' ]
2 info using npm@3.10.9
3 info using node@v7.1.0
4 verbose run-script [ 'prebuild:rtmp', 'build:rtmp', 'postbuild:rtmp' ]
5 info lifecycle node-srs-librtmp@1.0.0~prebuild:rtmp: node-srs-librtmp@1.0.0
6 silly lifecycle node-srs-librtmp@1.0.0~prebuild:rtmp: no script for prebuild:rtmp, continuing
7 info lifecycle node-srs-librtmp@1.0.0~build:rtmp: node-srs-librtmp@1.0.0
8 verbose lifecycle node-srs-librtmp@1.0.0~build:rtmp: unsafe-perm in lifecycle true
9 verbose lifecycle node-srs-librtmp@1.0.0~build:rtmp: PATH: /usr/local/lib/node_modules/npm/bin/node-gyp-bin:/Volumes/DATA/PersonalProjects/node-srs-librtmp/node_modules/.bin:/opt/local/bin:/opt/local/sbin:/Library/Java/JavaVirtualMachines/jdk1.8.0_91.jdk/Contents/Home/bin:/Users/hauvo/.fastlane/bin:/usr/local/bin:/usr/bin:/bin:/usr/sbin:/sbin:/Library/Frameworks/Mono.framework/Versions/Current/Commands:/Users/hauvo/Library/Android/sdk/tools:/Users/hauvo/Library/Android/sdk/platform-tools
10 verbose lifecycle node-srs-librtmp@1.0.0~build:rtmp: CWD: /Volumes/DATA/PersonalProjects/node-srs-librtmp
11 silly lifecycle node-srs-librtmp@1.0.0~build:rtmp: Args: [ '-c', 'cd librtmp & sudo make SYS=darwin' ]
12 silly lifecycle node-srs-librtmp@1.0.0~build:rtmp: Returned: code: 2  signal: null
13 info lifecycle node-srs-librtmp@1.0.0~build:rtmp: Failed to exec build:rtmp script
14 verbose stack Error: node-srs-librtmp@1.0.0 build:rtmp: `cd librtmp & sudo make SYS=darwin`
14 verbose stack Exit status 2
14 verbose stack     at EventEmitter.<anonymous> (/usr/local/lib/node_modules/npm/lib/utils/lifecycle.js:255:16)
14 verbose stack     at emitTwo (events.js:106:13)
14 verbose stack     at EventEmitter.emit (events.js:191:7)
14 verbose stack     at ChildProcess.<anonymous> (/usr/local/lib/node_modules/npm/lib/utils/spawn.js:40:14)
14 verbose stack     at emitTwo (events.js:106:13)
14 verbose stack     at ChildProcess.emit (events.js:191:7)
14 verbose stack     at maybeClose (internal/child_process.js:885:16)
14 verbose stack     at Process.ChildProcess._handle.onexit (internal/child_process.js:226:5)
15 verbose pkgid node-srs-librtmp@1.0.0
16 verbose cwd /Volumes/DATA/PersonalProjects/node-srs-librtmp
17 error Darwin 16.6.0
18 error argv "/usr/local/bin/node" "/usr/local/bin/npm" "run" "build:rtmp"
19 error node v7.1.0
20 error npm  v3.10.9
21 error code ELIFECYCLE
22 error node-srs-librtmp@1.0.0 build:rtmp: `cd librtmp & sudo make SYS=darwin`
22 error Exit status 2
23 error Failed at the node-srs-librtmp@1.0.0 build:rtmp script 'cd librtmp & sudo make SYS=darwin'.
23 error Make sure you have the latest version of node.js and npm installed.
23 error If you do, this is most likely a problem with the node-srs-librtmp package,
23 error not with npm itself.
23 error Tell the author that this fails on your system:
23 error     cd librtmp & sudo make SYS=darwin
23 error You can get information on how to open an issue for this project with:
23 error     npm bugs node-srs-librtmp
23 error Or if that isn't available, you can get their info via:
23 error     npm owner ls node-srs-librtmp
23 error There is likely additional logging output above.
24 verbose exit [ 1, true ]
